<?xml version="1.0" encoding="UTF-8"?>
<testsuite xmlns:xsi="http://www.w3.org/2001/XMLSchema-instance" xsi:noNamespaceSchemaLocation="https://maven.apache.org/surefire/maven-surefire-plugin/xsd/surefire-test-report-3.0.xsd" version="3.0" name="com.mycompany.medicarehospital.HospitalSystemTest" time="0.229" tests="25" errors="0" skipped="0" failures="0">
  <properties>
[...]
</properties>
  <testcase name="testInvalidBedNumber" classname="com.mycompany.medicarehospital.HospitalSystemTest" time="0.057"/>
  <testcase name="testHospitalSystemCreation" classname="com.mycompany.medicarehospital.HospitalSystemTest" time="0.005"/>
  <testcase name="testDisplayEmptyOccupiedBeds" classname="com.mycompany.medicarehospital.HospitalSystemTest" time="0.007">
    <system-out><![CDATA[
===== OCCUPIED BEDS =====
No occupied beds.
]]></system-out>
  </testcase>
  <testcase name="testSearchPatientNotFound" classname="com.mycompany.medicarehospital.HospitalSystemTest" time="0.004"/>
  <testcase name="testRegisterNullPatient" classname="com.mycompany.medicarehospital.HospitalSystemTest" time="0.003"/>
  <testcase name="testSearchPatient" classname="com.mycompany.medicarehospital.HospitalSystemTest" time="0.002"/>
  <testcase name="testGetPatients" classname="com.mycompany.medicarehospital.HospitalSystemTest" time="0.005"/>
  <testcase name="testGetAvailableBedCount" classname="com.mycompany.medicarehospital.HospitalSystemTest" time="0.002"/>
  <testcase name="testDisplayEmptyPatientList" classname="com.mycompany.medicarehospital.HospitalSystemTest" time="0.003">
    <system-out><![CDATA[
===== ALL PATIENTS =====
No patients registered.
]]></system-out>
  </testcase>
  <testcase name="testDisplayAvailableBeds" classname="com.mycompany.medicarehospital.HospitalSystemTest" time="0.004">
    <system-out><![CDATA[
===== AVAILABLE BEDS =====
B01 B02 B03 B04 B05 B06 B07 B08 B09 B10 B11 B12 B13 B14 B15 B16 B17 B18 B19 B20 
]]></system-out>
  </testcase>
  <testcase name="testBedCountAfterFailedAllocation" classname="com.mycompany.medicarehospital.HospitalSystemTest" time="0.002"/>
  <testcase name="testDisplayOccupiedBeds" classname="com.mycompany.medicarehospital.HospitalSystemTest" time="0.003">
    <system-out><![CDATA[
===== OCCUPIED BEDS =====
No occupied beds.
]]></system-out>
  </testcase>
  <testcase name="testTotalBedCount" classname="com.mycompany.medicarehospital.HospitalSystemTest" time="0.002"/>
  <testcase name="testUpdatePatient" classname="com.mycompany.medicarehospital.HospitalSystemTest" time="0.002"/>
  <testcase name="testReleaseNonExistingPatient" classname="com.mycompany.medicarehospital.HospitalSystemTest" time="0.002"/>
  <testcase name="testDeleteNonExistingPatient" classname="com.mycompany.medicarehospital.HospitalSystemTest" time="0.002"/>
  <testcase name="testAllocateBed" classname="com.mycompany.medicarehospital.HospitalSystemTest" time="0.002"/>
  <testcase name="testEmptyPatientList" classname="com.mycompany.medicarehospital.HospitalSystemTest" time="0.003"/>
  <testcase name="testDisplayAllPatients" classname="com.mycompany.medicarehospital.HospitalSystemTest" time="0.003">
    <system-out><![CDATA[
===== ALL PATIENTS =====
No patients registered.
]]></system-out>
  </testcase>
  <testcase name="testDeletePatient" classname="com.mycompany.medicarehospital.HospitalSystemTest" time="0.002"/>
  <testcase name="testGetOccupiedBedCount" classname="com.mycompany.medicarehospital.HospitalSystemTest" time="0.002"/>
  <testcase name="testDisplayWardLayout" classname="com.mycompany.medicarehospital.HospitalSystemTest" time="0.005">
    <system-out><![CDATA[
===== WARD LAYOUT =====
B01 [AVAILABLE]	B02 [AVAILABLE]	B03 [AVAILABLE]	B04 [AVAILABLE]	B05 [AVAILABLE]	
B06 [AVAILABLE]	B07 [AVAILABLE]	B08 [AVAILABLE]	B09 [AVAILABLE]	B10 [AVAILABLE]	
B11 [AVAILABLE]	B12 [AVAILABLE]	B13 [AVAILABLE]	B14 [AVAILABLE]	B15 [AVAILABLE]	
B16 [AVAILABLE]	B17 [AVAILABLE]	B18 [AVAILABLE]	B19 [AVAILABLE]	B20 [AVAILABLE]	
]]></system-out>
  </testcase>
  <testcase name="testDisplayReports" classname="com.mycompany.medicarehospital.HospitalSystemTest" time="0.005">
    <system-out><![CDATA[
===== HOSPITAL REPORT =====
Total Patients: 0
Occupied Beds: 0
Available Beds: 20
Ward Occupancy: 0.00%
]]></system-out>
  </testcase>
  <testcase name="testAllocateBedToNonExistingPatient" classname="com.mycompany.medicarehospital.HospitalSystemTest" time="0.002"/>
  <testcase name="testReleaseBed" classname="com.mycompany.medicarehospital.HospitalSystemTest" time="0.003"/>
</testsuite>